2023-02-23 20:16:43.169  INFO 22908 --- [main] c.r.a.RuijingAssetsAdminApplication      : Starting RuijingAssetsAdminApplication using Java 1.8.0_192 on DESKTOP-JN6621K with PID 22908 (C:\Users\31617\Desktop\project\ruijing-assets-admin\target\classes started by 31617 in C:\Users\31617\Desktop\project\ruijing-assets-admin)
2023-02-23 20:16:43.176  INFO 22908 --- [main] c.r.a.RuijingAssetsAdminApplication      : The following 1 profile is active: "dev"
2023-02-23 20:16:45.086  INFO 22908 --- [main] .s.d.r.c.RepositoryConfigurationDelegate : Multiple Spring Data modules found, entering strict repository configuration mode
2023-02-23 20:16:45.098  INFO 22908 --- [main] .s.d.r.c.RepositoryConfigurationDelegate : Bootstrapping Spring Data Redis repositories in DEFAULT mode.
2023-02-23 20:16:45.255  INFO 22908 --- [main] .s.d.r.c.RepositoryConfigurationDelegate : Finished Spring Data repository scanning in 94 ms. Found 0 Redis repository interfaces.
2023-02-23 20:16:46.751  INFO 22908 --- [main] o.s.b.w.embedded.tomcat.TomcatWebServer  : Tomcat initialized with port(s): 12000 (http)
2023-02-23 20:16:46.768  INFO 22908 --- [main] o.apache.catalina.core.StandardService   : Starting service [Tomcat]
2023-02-23 20:16:46.769  INFO 22908 --- [main] org.apache.catalina.core.StandardEngine  : Starting Servlet engine: [Apache Tomcat/9.0.71]
2023-02-23 20:16:47.025  INFO 22908 --- [main] o.a.c.c.C.[Tomcat].[localhost].[/]       : Initializing Spring embedded WebApplicationContext
2023-02-23 20:16:47.026  INFO 22908 --- [main] w.s.c.ServletWebServerApplicationContext : Root WebApplicationContext: initialization completed in 3789 ms
2023-02-23 20:16:47.919  INFO 22908 --- [main] c.a.d.s.b.a.DruidDataSourceAutoConfigure : Init DruidDataSource
2023-02-23 20:16:48.981  INFO 22908 --- [main] com.alibaba.druid.pool.DruidDataSource   : {dataSource-1} inited
2023-02-23 20:16:51.122  INFO 22908 --- [main] o.s.s.web.DefaultSecurityFilterChain     : Will secure any request with [org.springframework.security.web.session.DisableEncodeUrlFilter@1af677f8, org.springframework.security.web.context.request.async.WebAsyncManagerIntegrationFilter@7a55fb81, org.springframework.security.web.context.SecurityContextPersistenceFilter@2cae5fa7, org.springframework.security.web.header.HeaderWriterFilter@71369e1a, org.springframework.web.filter.CorsFilter@1886991b, com.ruijing.assets.filter.JwtAuthenticationTokenFilter@ed91d8d, org.springframework.security.web.savedrequest.RequestCacheAwareFilter@112c2930, org.springframework.security.web.servletapi.SecurityContextHolderAwareRequestFilter@661e279d, org.springframework.security.web.authentication.AnonymousAuthenticationFilter@5a3cf878, org.springframework.security.web.session.SessionManagementFilter@39f42d0e, org.springframework.security.web.access.ExceptionTranslationFilter@1815577b, org.springframework.security.web.access.intercept.FilterSecurityInterceptor@677cb96e]
2023-02-23 20:16:51.402  INFO 22908 --- [main] o.s.b.w.embedded.tomcat.TomcatWebServer  : Tomcat started on port(s): 12000 (http) with context path ''
2023-02-23 20:16:51.416  INFO 22908 --- [main] c.r.a.RuijingAssetsAdminApplication      : Started RuijingAssetsAdminApplication in 9.009 seconds (JVM running for 10.632)
2023-02-23 23:52:17.292  INFO 22908 --- [SpringApplicationShutdownHook] com.alibaba.druid.pool.DruidDataSource   : {dataSource-1} closing ...
2023-02-23 23:52:17.327  INFO 22908 --- [SpringApplicationShutdownHook] com.alibaba.druid.pool.DruidDataSource   : {dataSource-1} closed
2023-02-23 23:52:25.829  INFO 10028 --- [main] c.r.a.RuijingAssetsAdminApplication      : Starting RuijingAssetsAdminApplication using Java 1.8.0_192 on DESKTOP-JN6621K with PID 10028 (C:\Users\31617\Desktop\project\ruijing-assets-admin\target\classes started by 31617 in C:\Users\31617\Desktop\project\ruijing-assets-admin)
2023-02-23 23:52:25.834  INFO 10028 --- [main] c.r.a.RuijingAssetsAdminApplication      : The following 1 profile is active: "dev"
2023-02-23 23:52:27.501  INFO 10028 --- [main] .s.d.r.c.RepositoryConfigurationDelegate : Multiple Spring Data modules found, entering strict repository configuration mode
2023-02-23 23:52:27.504  INFO 10028 --- [main] .s.d.r.c.RepositoryConfigurationDelegate : Bootstrapping Spring Data Redis repositories in DEFAULT mode.
2023-02-23 23:52:27.597  INFO 10028 --- [main] .s.d.r.c.RepositoryConfigurationDelegate : Finished Spring Data repository scanning in 54 ms. Found 0 Redis repository interfaces.
2023-02-23 23:52:28.916  INFO 10028 --- [main] o.s.b.w.embedded.tomcat.TomcatWebServer  : Tomcat initialized with port(s): 12000 (http)
2023-02-23 23:52:28.941  INFO 10028 --- [main] o.apache.catalina.core.StandardService   : Starting service [Tomcat]
2023-02-23 23:52:28.943  INFO 10028 --- [main] org.apache.catalina.core.StandardEngine  : Starting Servlet engine: [Apache Tomcat/9.0.71]
2023-02-23 23:52:29.295  INFO 10028 --- [main] o.a.c.c.C.[Tomcat].[localhost].[/]       : Initializing Spring embedded WebApplicationContext
2023-02-23 23:52:29.296  INFO 10028 --- [main] w.s.c.ServletWebServerApplicationContext : Root WebApplicationContext: initialization completed in 3398 ms
2023-02-23 23:52:30.270  INFO 10028 --- [main] c.a.d.s.b.a.DruidDataSourceAutoConfigure : Init DruidDataSource
2023-02-23 23:52:31.747  INFO 10028 --- [main] com.alibaba.druid.pool.DruidDataSource   : {dataSource-1} inited
2023-02-23 23:52:34.957  INFO 10028 --- [main] o.s.s.web.DefaultSecurityFilterChain     : Will secure any request with [org.springframework.security.web.session.DisableEncodeUrlFilter@1b1252c8, org.springframework.security.web.context.request.async.WebAsyncManagerIntegrationFilter@19d53ab4, org.springframework.security.web.context.SecurityContextPersistenceFilter@1815577b, org.springframework.security.web.header.HeaderWriterFilter@7e94e331, org.springframework.web.filter.CorsFilter@348ad293, com.ruijing.assets.filter.JwtAuthenticationTokenFilter@4364712f, org.springframework.security.web.savedrequest.RequestCacheAwareFilter@3855d9b2, org.springframework.security.web.servletapi.SecurityContextHolderAwareRequestFilter@6d7b001b, org.springframework.security.web.authentication.AnonymousAuthenticationFilter@53cb0bcb, org.springframework.security.web.session.SessionManagementFilter@4f64d9cb, org.springframework.security.web.access.ExceptionTranslationFilter@852ef8d, org.springframework.security.web.access.intercept.FilterSecurityInterceptor@aa752bb]
2023-02-23 23:52:35.335  INFO 10028 --- [main] o.s.b.w.embedded.tomcat.TomcatWebServer  : Tomcat started on port(s): 12000 (http) with context path ''
2023-02-23 23:52:35.352  INFO 10028 --- [main] c.r.a.RuijingAssetsAdminApplication      : Started RuijingAssetsAdminApplication in 10.262 seconds (JVM running for 11.769)
