2023-02-24 22:01:50.109  INFO 2008 --- [main] c.r.a.RuijingAssetsAdminApplication      : Starting RuijingAssetsAdminApplication using Java 1.8.0_192 on DESKTOP-JN6621K with PID 2008 (C:\Users\31617\Desktop\project\ruijing-assets-admin\target\classes started by 31617 in C:\Users\31617\Desktop\project\ruijing-assets-admin)
2023-02-24 22:01:50.118  INFO 2008 --- [main] c.r.a.RuijingAssetsAdminApplication      : The following 1 profile is active: "dev"
2023-02-24 22:01:51.206  INFO 2008 --- [main] .s.d.r.c.RepositoryConfigurationDelegate : Multiple Spring Data modules found, entering strict repository configuration mode
2023-02-24 22:01:51.210  INFO 2008 --- [main] .s.d.r.c.RepositoryConfigurationDelegate : Bootstrapping Spring Data Redis repositories in DEFAULT mode.
2023-02-24 22:01:51.273  INFO 2008 --- [main] .s.d.r.c.RepositoryConfigurationDelegate : Finished Spring Data repository scanning in 43 ms. Found 0 Redis repository interfaces.
2023-02-24 22:01:52.105  INFO 2008 --- [main] o.s.b.w.embedded.tomcat.TomcatWebServer  : Tomcat initialized with port(s): 11000 (http)
2023-02-24 22:01:52.115  INFO 2008 --- [main] o.apache.catalina.core.StandardService   : Starting service [Tomcat]
2023-02-24 22:01:52.116  INFO 2008 --- [main] org.apache.catalina.core.StandardEngine  : Starting Servlet engine: [Apache Tomcat/9.0.71]
2023-02-24 22:01:52.296  INFO 2008 --- [main] o.a.c.c.C.[Tomcat].[localhost].[/]       : Initializing Spring embedded WebApplicationContext
2023-02-24 22:01:52.297  INFO 2008 --- [main] w.s.c.ServletWebServerApplicationContext : Root WebApplicationContext: initialization completed in 2111 ms
2023-02-24 22:01:52.924  INFO 2008 --- [main] c.a.d.s.b.a.DruidDataSourceAutoConfigure : Init DruidDataSource
2023-02-24 22:01:53.890  INFO 2008 --- [main] com.alibaba.druid.pool.DruidDataSource   : {dataSource-1} inited
2023-02-24 22:01:55.964  INFO 2008 --- [main] o.s.s.web.DefaultSecurityFilterChain     : Will secure any request with [org.springframework.security.web.session.DisableEncodeUrlFilter@1cba0321, org.springframework.security.web.context.request.async.WebAsyncManagerIntegrationFilter@795f6681, org.springframework.security.web.context.SecurityContextPersistenceFilter@112c2930, org.springframework.security.web.header.HeaderWriterFilter@47a3d56a, org.springframework.web.filter.CorsFilter@3791f50e, com.ruijing.assets.filter.JwtAuthenticationTokenFilter@3c87fdf2, org.springframework.security.web.savedrequest.RequestCacheAwareFilter@2bfc2f8b, org.springframework.security.web.servletapi.SecurityContextHolderAwareRequestFilter@44641d6c, org.springframework.security.web.authentication.AnonymousAuthenticationFilter@66d3b881, org.springframework.security.web.session.SessionManagementFilter@6fb0261e, org.springframework.security.web.access.ExceptionTranslationFilter@3855d9b2, org.springframework.security.web.access.intercept.FilterSecurityInterceptor@7bede4ea]
2023-02-24 22:01:56.240  INFO 2008 --- [main] o.s.b.w.embedded.tomcat.TomcatWebServer  : Tomcat started on port(s): 11000 (http) with context path ''
2023-02-24 22:01:56.254  INFO 2008 --- [main] c.r.a.RuijingAssetsAdminApplication      : Started RuijingAssetsAdminApplication in 6.935 seconds (JVM running for 8.123)
2023-02-24 22:03:13.112  INFO 2008 --- [SpringApplicationShutdownHook] com.alibaba.druid.pool.DruidDataSource   : {dataSource-1} closing ...
2023-02-24 22:03:13.120  INFO 2008 --- [SpringApplicationShutdownHook] com.alibaba.druid.pool.DruidDataSource   : {dataSource-1} closed
2023-02-24 22:03:19.107  INFO 18396 --- [main] c.r.a.RuijingAssetsAdminApplication      : Starting RuijingAssetsAdminApplication using Java 1.8.0_192 on DESKTOP-JN6621K with PID 18396 (C:\Users\31617\Desktop\project\ruijing-assets-admin\target\classes started by 31617 in C:\Users\31617\Desktop\project\ruijing-assets-admin)
2023-02-24 22:03:19.110  INFO 18396 --- [main] c.r.a.RuijingAssetsAdminApplication      : The following 1 profile is active: "dev"
2023-02-24 22:03:20.348  INFO 18396 --- [main] .s.d.r.c.RepositoryConfigurationDelegate : Multiple Spring Data modules found, entering strict repository configuration mode
2023-02-24 22:03:20.353  INFO 18396 --- [main] .s.d.r.c.RepositoryConfigurationDelegate : Bootstrapping Spring Data Redis repositories in DEFAULT mode.
2023-02-24 22:03:20.422  INFO 18396 --- [main] .s.d.r.c.RepositoryConfigurationDelegate : Finished Spring Data repository scanning in 45 ms. Found 0 Redis repository interfaces.
2023-02-24 22:03:21.442  INFO 18396 --- [main] o.s.b.w.embedded.tomcat.TomcatWebServer  : Tomcat initialized with port(s): 11000 (http)
2023-02-24 22:03:21.457  INFO 18396 --- [main] o.apache.catalina.core.StandardService   : Starting service [Tomcat]
2023-02-24 22:03:21.457  INFO 18396 --- [main] org.apache.catalina.core.StandardEngine  : Starting Servlet engine: [Apache Tomcat/9.0.71]
2023-02-24 22:03:21.721  INFO 18396 --- [main] o.a.c.c.C.[Tomcat].[localhost].[/]       : Initializing Spring embedded WebApplicationContext
2023-02-24 22:03:21.722  INFO 18396 --- [main] w.s.c.ServletWebServerApplicationContext : Root WebApplicationContext: initialization completed in 2533 ms
2023-02-24 22:03:22.462  INFO 18396 --- [main] c.a.d.s.b.a.DruidDataSourceAutoConfigure : Init DruidDataSource
2023-02-24 22:03:23.505  INFO 18396 --- [main] com.alibaba.druid.pool.DruidDataSource   : {dataSource-1} inited
2023-02-24 22:03:25.958  INFO 18396 --- [main] o.s.s.web.DefaultSecurityFilterChain     : Will secure any request with [org.springframework.security.web.session.DisableEncodeUrlFilter@5e278e25, org.springframework.security.web.context.request.async.WebAsyncManagerIntegrationFilter@62ee1c89, org.springframework.security.web.context.SecurityContextPersistenceFilter@174cb0d8, org.springframework.security.web.header.HeaderWriterFilter@4dd752e8, org.springframework.web.filter.CorsFilter@26da1ba2, com.ruijing.assets.filter.JwtAuthenticationTokenFilter@6f91fbda, org.springframework.security.web.savedrequest.RequestCacheAwareFilter@5f911d24, org.springframework.security.web.servletapi.SecurityContextHolderAwareRequestFilter@4ca4f762, org.springframework.security.web.authentication.AnonymousAuthenticationFilter@2ab7f649, org.springframework.security.web.session.SessionManagementFilter@7abcc0da, org.springframework.security.web.access.ExceptionTranslationFilter@7582a16b, org.springframework.security.web.access.intercept.FilterSecurityInterceptor@81dfdee]
2023-02-24 22:03:26.070  INFO 18396 --- [main] o.s.b.w.embedded.tomcat.TomcatWebServer  : Tomcat started on port(s): 11000 (http) with context path ''
2023-02-24 22:03:26.082  INFO 18396 --- [main] c.r.a.RuijingAssetsAdminApplication      : Started RuijingAssetsAdminApplication in 7.722 seconds (JVM running for 10.022)
2023-02-24 22:03:26.560  INFO 18396 --- [http-nio-11000-exec-1] o.a.c.c.C.[Tomcat].[localhost].[/]       : Initializing Spring DispatcherServlet 'dispatcherServlet'
2023-02-24 22:03:26.560  INFO 18396 --- [http-nio-11000-exec-1] o.s.web.servlet.DispatcherServlet        : Initializing Servlet 'dispatcherServlet'
2023-02-24 22:03:26.561  INFO 18396 --- [http-nio-11000-exec-1] o.s.web.servlet.DispatcherServlet        : Completed initialization in 1 ms
2023-02-24 22:03:28.822  INFO 18396 --- [http-nio-11000-exec-2] com.ruijing.assets.aspect.SysLogAspect   : 来自于ip: 127.0.0.1 的 admin 用户于: Fri Feb 24 22:03:26 CST 2023 时刻进行了: 登录 操作
2023-02-24 22:03:28.826  INFO 18396 --- [http-nio-11000-exec-2] com.ruijing.assets.aspect.SysLogAspect   : 主线程结束了.............
2023-02-24 22:03:28.827  INFO 18396 --- [http-nio-11000-exec-2] com.ruijing.assets.aspect.SysLogAspect   : =======End=======

2023-02-24 22:03:28.832  INFO 18396 --- [task-1] c.r.a.service.impl.SystemLogServiceImpl  : 副线程开始啦-----------
2023-02-24 22:03:28.872  INFO 18396 --- [task-1] c.r.a.service.impl.SystemLogServiceImpl  : 副线程结束啦-----------
2023-02-24 22:06:12.393  INFO 18396 --- [http-nio-11000-exec-3] com.ruijing.assets.aspect.SysLogAspect   : 来自于ip: 127.0.0.1 的 admin 用户于: Fri Feb 24 22:03:59 CST 2023 时刻进行了: 修改债权 操作
2023-02-24 22:06:12.394  INFO 18396 --- [http-nio-11000-exec-3] com.ruijing.assets.aspect.SysLogAspect   : 主线程结束了.............
2023-02-24 22:06:12.394  INFO 18396 --- [task-2] c.r.a.service.impl.SystemLogServiceImpl  : 副线程开始啦-----------
2023-02-24 22:06:12.395  INFO 18396 --- [http-nio-11000-exec-3] com.ruijing.assets.aspect.SysLogAspect   : =======End=======

2023-02-24 22:06:12.401  INFO 18396 --- [task-2] c.r.a.service.impl.SystemLogServiceImpl  : 副线程结束啦-----------
2023-02-24 22:06:12.421 ERROR 18396 --- [http-nio-11000-exec-3] o.a.c.c.C.[.[.[/].[dispatcherServlet]    : Servlet.service() for servlet [dispatcherServlet] in context with path [] threw exception

java.lang.IllegalStateException: getOutputStream() has already been called for this response
	at org.apache.catalina.connector.Response.getWriter(Response.java:586) ~[tomcat-embed-core-9.0.71.jar:9.0.71]
	at org.apache.catalina.connector.ResponseFacade.getWriter(ResponseFacade.java:227) ~[tomcat-embed-core-9.0.71.jar:9.0.71]
	at javax.servlet.ServletResponseWrapper.getWriter(ServletResponseWrapper.java:114) ~[tomcat-embed-core-9.0.71.jar:4.0.FR]
	at javax.servlet.ServletResponseWrapper.getWriter(ServletResponseWrapper.java:114) ~[tomcat-embed-core-9.0.71.jar:4.0.FR]
	at javax.servlet.ServletResponseWrapper.getWriter(ServletResponseWrapper.java:114) ~[tomcat-embed-core-9.0.71.jar:4.0.FR]
	at org.springframework.security.web.util.OnCommittedResponseWrapper.getWriter(OnCommittedResponseWrapper.java:156) ~[spring-security-web-5.7.6.jar:5.7.6]
	at com.ruijing.assets.util.using.WebUtil.renderString(WebUtil.java:22) ~[classes/:na]
	at com.ruijing.assets.filter.JwtAuthenticationTokenFilter.doFilterInternal(JwtAuthenticationTokenFilter.java:75) ~[classes/:na]
	at org.springframework.web.filter.OncePerRequestFilter.doFilter(OncePerRequestFilter.java:117) ~[spring-web-5.3.25.jar:5.3.25]
	at org.springframework.security.web.FilterChainProxy$VirtualFilterChain.doFilter(FilterChainProxy.java:346) ~[spring-security-web-5.7.6.jar:5.7.6]
	at org.springframework.web.filter.CorsFilter.doFilterInternal(CorsFilter.java:91) ~[spring-web-5.3.25.jar:5.3.25]
	at org.springframework.web.filter.OncePerRequestFilter.doFilter(OncePerRequestFilter.java:117) ~[spring-web-5.3.25.jar:5.3.25]
	at org.springframework.security.web.FilterChainProxy$VirtualFilterChain.doFilter(FilterChainProxy.java:346) ~[spring-security-web-5.7.6.jar:5.7.6]
	at org.springframework.security.web.header.HeaderWriterFilter.doHeadersAfter(HeaderWriterFilter.java:90) ~[spring-security-web-5.7.6.jar:5.7.6]
	at org.springframework.security.web.header.HeaderWriterFilter.doFilterInternal(HeaderWriterFilter.java:75) ~[spring-security-web-5.7.6.jar:5.7.6]
	at org.springframework.web.filter.OncePerRequestFilter.doFilter(OncePerRequestFilter.java:117) ~[spring-web-5.3.25.jar:5.3.25]
	at org.springframework.security.web.FilterChainProxy$VirtualFilterChain.doFilter(FilterChainProxy.java:346) ~[spring-security-web-5.7.6.jar:5.7.6]
	at org.springframework.security.web.context.SecurityContextPersistenceFilter.doFilter(SecurityContextPersistenceFilter.java:112) ~[spring-security-web-5.7.6.jar:5.7.6]
	at org.springframework.security.web.context.SecurityContextPersistenceFilter.doFilter(SecurityContextPersistenceFilter.java:82) ~[spring-security-web-5.7.6.jar:5.7.6]
	at org.springframework.security.web.FilterChainProxy$VirtualFilterChain.doFilter(FilterChainProxy.java:346) ~[spring-security-web-5.7.6.jar:5.7.6]
	at org.springframework.security.web.context.request.async.WebAsyncManagerIntegrationFilter.doFilterInternal(WebAsyncManagerIntegrationFilter.java:55) ~[spring-security-web-5.7.6.jar:5.7.6]
	at org.springframework.web.filter.OncePerRequestFilter.doFilter(OncePerRequestFilter.java:117) ~[spring-web-5.3.25.jar:5.3.25]
	at org.springframework.security.web.FilterChainProxy$VirtualFilterChain.doFilter(FilterChainProxy.java:346) ~[spring-security-web-5.7.6.jar:5.7.6]
	at org.springframework.security.web.session.DisableEncodeUrlFilter.doFilterInternal(DisableEncodeUrlFilter.java:42) ~[spring-security-web-5.7.6.jar:5.7.6]
	at org.springframework.web.filter.OncePerRequestFilter.doFilter(OncePerRequestFilter.java:117) ~[spring-web-5.3.25.jar:5.3.25]
	at org.springframework.security.web.FilterChainProxy$VirtualFilterChain.doFilter(FilterChainProxy.java:346) ~[spring-security-web-5.7.6.jar:5.7.6]
	at org.springframework.security.web.FilterChainProxy.doFilterInternal(FilterChainProxy.java:221) ~[spring-security-web-5.7.6.jar:5.7.6]
	at org.springframework.security.web.FilterChainProxy.doFilter(FilterChainProxy.java:186) ~[spring-security-web-5.7.6.jar:5.7.6]
	at org.springframework.web.filter.DelegatingFilterProxy.invokeDelegate(DelegatingFilterProxy.java:354) ~[spring-web-5.3.25.jar:5.3.25]
	at org.springframework.web.filter.DelegatingFilterProxy.doFilter(DelegatingFilterProxy.java:267) ~[spring-web-5.3.25.jar:5.3.25]
	at org.apache.catalina.core.ApplicationFilterChain.internalDoFilter(ApplicationFilterChain.java:189) ~[tomcat-embed-core-9.0.71.jar:9.0.71]
	at org.apache.catalina.core.ApplicationFilterChain.doFilter(ApplicationFilterChain.java:162) ~[tomcat-embed-core-9.0.71.jar:9.0.71]
	at org.springframework.web.filter.RequestContextFilter.doFilterInternal(RequestContextFilter.java:100) ~[spring-web-5.3.25.jar:5.3.25]
	at org.springframework.web.filter.OncePerRequestFilter.doFilter(OncePerRequestFilter.java:117) ~[spring-web-5.3.25.jar:5.3.25]
	at org.apache.catalina.core.ApplicationFilterChain.internalDoFilter(ApplicationFilterChain.java:189) ~[tomcat-embed-core-9.0.71.jar:9.0.71]
	at org.apache.catalina.core.ApplicationFilterChain.doFilter(ApplicationFilterChain.java:162) ~[tomcat-embed-core-9.0.71.jar:9.0.71]
	at org.springframework.web.filter.FormContentFilter.doFilterInternal(FormContentFilter.java:93) ~[spring-web-5.3.25.jar:5.3.25]
	at org.springframework.web.filter.OncePerRequestFilter.doFilter(OncePerRequestFilter.java:117) ~[spring-web-5.3.25.jar:5.3.25]
	at org.apache.catalina.core.ApplicationFilterChain.internalDoFilter(ApplicationFilterChain.java:189) ~[tomcat-embed-core-9.0.71.jar:9.0.71]
	at org.apache.catalina.core.ApplicationFilterChain.doFilter(ApplicationFilterChain.java:162) ~[tomcat-embed-core-9.0.71.jar:9.0.71]
	at org.springframework.web.filter.CharacterEncodingFilter.doFilterInternal(CharacterEncodingFilter.java:201) ~[spring-web-5.3.25.jar:5.3.25]
	at org.springframework.web.filter.OncePerRequestFilter.doFilter(OncePerRequestFilter.java:117) ~[spring-web-5.3.25.jar:5.3.25]
	at org.apache.catalina.core.ApplicationFilterChain.internalDoFilter(ApplicationFilterChain.java:189) ~[tomcat-embed-core-9.0.71.jar:9.0.71]
	at org.apache.catalina.core.ApplicationFilterChain.doFilter(ApplicationFilterChain.java:162) ~[tomcat-embed-core-9.0.71.jar:9.0.71]
	at org.apache.catalina.core.StandardWrapperValve.invoke(StandardWrapperValve.java:177) ~[tomcat-embed-core-9.0.71.jar:9.0.71]
	at org.apache.catalina.core.StandardContextValve.invoke(StandardContextValve.java:97) [tomcat-embed-core-9.0.71.jar:9.0.71]
	at org.apache.catalina.authenticator.AuthenticatorBase.invoke(AuthenticatorBase.java:541) [tomcat-embed-core-9.0.71.jar:9.0.71]
	at org.apache.catalina.core.StandardHostValve.invoke(StandardHostValve.java:135) [tomcat-embed-core-9.0.71.jar:9.0.71]
	at org.apache.catalina.valves.ErrorReportValve.invoke(ErrorReportValve.java:92) [tomcat-embed-core-9.0.71.jar:9.0.71]
	at org.apache.catalina.core.StandardEngineValve.invoke(StandardEngineValve.java:78) [tomcat-embed-core-9.0.71.jar:9.0.71]
	at org.apache.catalina.connector.CoyoteAdapter.service(CoyoteAdapter.java:360) [tomcat-embed-core-9.0.71.jar:9.0.71]
	at org.apache.coyote.http11.Http11Processor.service(Http11Processor.java:399) [tomcat-embed-core-9.0.71.jar:9.0.71]
	at org.apache.coyote.AbstractProcessorLight.process(AbstractProcessorLight.java:65) [tomcat-embed-core-9.0.71.jar:9.0.71]
	at org.apache.coyote.AbstractProtocol$ConnectionHandler.process(AbstractProtocol.java:891) [tomcat-embed-core-9.0.71.jar:9.0.71]
	at org.apache.tomcat.util.net.NioEndpoint$SocketProcessor.doRun(NioEndpoint.java:1784) [tomcat-embed-core-9.0.71.jar:9.0.71]
	at org.apache.tomcat.util.net.SocketProcessorBase.run(SocketProcessorBase.java:49) [tomcat-embed-core-9.0.71.jar:9.0.71]
	at org.apache.tomcat.util.threads.ThreadPoolExecutor.runWorker(ThreadPoolExecutor.java:1191) [tomcat-embed-core-9.0.71.jar:9.0.71]
	at org.apache.tomcat.util.threads.ThreadPoolExecutor$Worker.run(ThreadPoolExecutor.java:659) [tomcat-embed-core-9.0.71.jar:9.0.71]
	at org.apache.tomcat.util.threads.TaskThread$WrappingRunnable.run(TaskThread.java:61) [tomcat-embed-core-9.0.71.jar:9.0.71]
	at java.lang.Thread.run(Thread.java:748) [na:1.8.0_192]

2023-02-24 22:06:12.732  INFO 18396 --- [SpringApplicationShutdownHook] com.alibaba.druid.pool.DruidDataSource   : {dataSource-1} closing ...
2023-02-24 22:06:12.755  INFO 18396 --- [SpringApplicationShutdownHook] com.alibaba.druid.pool.DruidDataSource   : {dataSource-1} closed
2023-02-24 22:06:18.418  INFO 1040 --- [main] c.r.a.RuijingAssetsAdminApplication      : Starting RuijingAssetsAdminApplication using Java 1.8.0_192 on DESKTOP-JN6621K with PID 1040 (C:\Users\31617\Desktop\project\ruijing-assets-admin\target\classes started by 31617 in C:\Users\31617\Desktop\project\ruijing-assets-admin)
2023-02-24 22:06:18.424  INFO 1040 --- [main] c.r.a.RuijingAssetsAdminApplication      : The following 1 profile is active: "dev"
2023-02-24 22:06:19.542  INFO 1040 --- [main] .s.d.r.c.RepositoryConfigurationDelegate : Multiple Spring Data modules found, entering strict repository configuration mode
2023-02-24 22:06:19.546  INFO 1040 --- [main] .s.d.r.c.RepositoryConfigurationDelegate : Bootstrapping Spring Data Redis repositories in DEFAULT mode.
2023-02-24 22:06:19.606  INFO 1040 --- [main] .s.d.r.c.RepositoryConfigurationDelegate : Finished Spring Data repository scanning in 42 ms. Found 0 Redis repository interfaces.
2023-02-24 22:06:20.410  INFO 1040 --- [main] o.s.b.w.embedded.tomcat.TomcatWebServer  : Tomcat initialized with port(s): 11000 (http)
2023-02-24 22:06:20.419  INFO 1040 --- [main] o.apache.catalina.core.StandardService   : Starting service [Tomcat]
2023-02-24 22:06:20.419  INFO 1040 --- [main] org.apache.catalina.core.StandardEngine  : Starting Servlet engine: [Apache Tomcat/9.0.71]
2023-02-24 22:06:20.586  INFO 1040 --- [main] o.a.c.c.C.[Tomcat].[localhost].[/]       : Initializing Spring embedded WebApplicationContext
2023-02-24 22:06:20.586  INFO 1040 --- [main] w.s.c.ServletWebServerApplicationContext : Root WebApplicationContext: initialization completed in 2094 ms
2023-02-24 22:06:21.149  INFO 1040 --- [main] c.a.d.s.b.a.DruidDataSourceAutoConfigure : Init DruidDataSource
2023-02-24 22:06:22.052  INFO 1040 --- [main] com.alibaba.druid.pool.DruidDataSource   : {dataSource-1} inited
2023-02-24 22:06:23.936  INFO 1040 --- [main] o.s.s.web.DefaultSecurityFilterChain     : Will secure any request with [org.springframework.security.web.session.DisableEncodeUrlFilter@7a55fb81, org.springframework.security.web.context.request.async.WebAsyncManagerIntegrationFilter@5a3cf878, org.springframework.security.web.context.SecurityContextPersistenceFilter@34aa8b61, org.springframework.security.web.header.HeaderWriterFilter@3cf55e0c, org.springframework.web.filter.CorsFilter@64aad809, com.ruijing.assets.filter.JwtAuthenticationTokenFilter@446626a7, org.springframework.security.web.savedrequest.RequestCacheAwareFilter@7f426ddd, org.springframework.security.web.servletapi.SecurityContextHolderAwareRequestFilter@beabd6b, org.springframework.security.web.authentication.AnonymousAuthenticationFilter@1d2d8846, org.springframework.security.web.session.SessionManagementFilter@47a3d56a, org.springframework.security.web.access.ExceptionTranslationFilter@71567f33, org.springframework.security.web.access.intercept.FilterSecurityInterceptor@1b1252c8]
2023-02-24 22:06:24.199  INFO 1040 --- [main] o.s.b.w.embedded.tomcat.TomcatWebServer  : Tomcat started on port(s): 11000 (http) with context path ''
2023-02-24 22:06:24.213  INFO 1040 --- [main] c.r.a.RuijingAssetsAdminApplication      : Started RuijingAssetsAdminApplication in 6.485 seconds (JVM running for 7.811)
2023-02-24 22:06:24.672  INFO 1040 --- [http-nio-11000-exec-1] o.a.c.c.C.[Tomcat].[localhost].[/]       : Initializing Spring DispatcherServlet 'dispatcherServlet'
2023-02-24 22:06:24.673  INFO 1040 --- [http-nio-11000-exec-1] o.s.web.servlet.DispatcherServlet        : Initializing Servlet 'dispatcherServlet'
2023-02-24 22:06:24.676  INFO 1040 --- [http-nio-11000-exec-1] o.s.web.servlet.DispatcherServlet        : Completed initialization in 3 ms
2023-02-24 22:06:26.110  INFO 1040 --- [http-nio-11000-exec-7] com.ruijing.assets.aspect.SysLogAspect   : 来自于ip: 127.0.0.1 的 admin 用户于: Fri Feb 24 22:06:26 CST 2023 时刻进行了: 退出登录 操作
2023-02-24 22:06:26.115  INFO 1040 --- [http-nio-11000-exec-7] com.ruijing.assets.aspect.SysLogAspect   : 主线程结束了.............
2023-02-24 22:06:26.115  INFO 1040 --- [http-nio-11000-exec-7] com.ruijing.assets.aspect.SysLogAspect   : =======End=======

2023-02-24 22:06:26.122  INFO 1040 --- [task-1] c.r.a.service.impl.SystemLogServiceImpl  : 副线程开始啦-----------
2023-02-24 22:06:26.218  INFO 1040 --- [task-1] c.r.a.service.impl.SystemLogServiceImpl  : 副线程结束啦-----------
2023-02-24 22:06:27.990  INFO 1040 --- [http-nio-11000-exec-3] com.ruijing.assets.aspect.SysLogAspect   : 来自于ip: 127.0.0.1 的 admin 用户于: Fri Feb 24 22:06:27 CST 2023 时刻进行了: 登录 操作
2023-02-24 22:06:27.991  INFO 1040 --- [http-nio-11000-exec-3] com.ruijing.assets.aspect.SysLogAspect   : 主线程结束了.............
2023-02-24 22:06:27.991  INFO 1040 --- [http-nio-11000-exec-3] com.ruijing.assets.aspect.SysLogAspect   : =======End=======

2023-02-24 22:06:27.991  INFO 1040 --- [task-2] c.r.a.service.impl.SystemLogServiceImpl  : 副线程开始啦-----------
2023-02-24 22:06:27.998  INFO 1040 --- [task-2] c.r.a.service.impl.SystemLogServiceImpl  : 副线程结束啦-----------
2023-02-24 22:06:51.970  INFO 1040 --- [http-nio-11000-exec-5] com.ruijing.assets.aspect.SysLogAspect   : 来自于ip: 127.0.0.1 的 admin 用户于: Fri Feb 24 22:06:51 CST 2023 时刻进行了: 修改债权 操作
2023-02-24 22:06:51.971  INFO 1040 --- [http-nio-11000-exec-5] com.ruijing.assets.aspect.SysLogAspect   : 主线程结束了.............
2023-02-24 22:06:51.971  INFO 1040 --- [http-nio-11000-exec-5] com.ruijing.assets.aspect.SysLogAspect   : =======End=======

2023-02-24 22:06:51.971  INFO 1040 --- [task-3] c.r.a.service.impl.SystemLogServiceImpl  : 副线程开始啦-----------
2023-02-24 22:06:51.977  INFO 1040 --- [task-3] c.r.a.service.impl.SystemLogServiceImpl  : 副线程结束啦-----------
2023-02-24 22:07:27.097  INFO 1040 --- [http-nio-11000-exec-7] com.ruijing.assets.aspect.SysLogAspect   : 来自于ip: 127.0.0.1 的 admin 用户于: Fri Feb 24 22:07:27 CST 2023 时刻进行了: 新增债权 操作
2023-02-24 22:07:27.098  INFO 1040 --- [http-nio-11000-exec-7] com.ruijing.assets.aspect.SysLogAspect   : 主线程结束了.............
2023-02-24 22:07:27.099  INFO 1040 --- [http-nio-11000-exec-7] com.ruijing.assets.aspect.SysLogAspect   : =======End=======

2023-02-24 22:07:27.099  INFO 1040 --- [task-4] c.r.a.service.impl.SystemLogServiceImpl  : 副线程开始啦-----------
2023-02-24 22:07:27.103  INFO 1040 --- [task-4] c.r.a.service.impl.SystemLogServiceImpl  : 副线程结束啦-----------
2023-02-24 22:08:01.075  INFO 1040 --- [http-nio-11000-exec-5] com.ruijing.assets.aspect.SysLogAspect   : 来自于ip: 127.0.0.1 的 admin 用户于: Fri Feb 24 22:08:01 CST 2023 时刻进行了: 新增债权 操作
2023-02-24 22:08:01.076  INFO 1040 --- [http-nio-11000-exec-5] com.ruijing.assets.aspect.SysLogAspect   : 主线程结束了.............
2023-02-24 22:08:01.076  INFO 1040 --- [http-nio-11000-exec-5] com.ruijing.assets.aspect.SysLogAspect   : =======End=======

2023-02-24 22:08:01.076  INFO 1040 --- [task-5] c.r.a.service.impl.SystemLogServiceImpl  : 副线程开始啦-----------
2023-02-24 22:08:01.081  INFO 1040 --- [task-5] c.r.a.service.impl.SystemLogServiceImpl  : 副线程结束啦-----------
2023-02-24 22:08:34.421 ERROR 1040 --- [http-nio-11000-exec-3] c.alibaba.druid.filter.stat.StatFilter   : slow sql 12282 millis. INSERT INTO asset_highlight  ( asset_id,
highlight_content,
highlight_title )  VALUES  ( ?,
?,
? )[24,"32131","13213"]
2023-02-24 22:08:34.421 ERROR 1040 --- [http-nio-11000-exec-8] c.alibaba.druid.filter.stat.StatFilter   : slow sql 8801 millis. INSERT INTO asset_highlight  ( asset_id,
highlight_content,
highlight_title )  VALUES  ( ?,
?,
? )[25,"32131","13213"]
2023-02-24 22:08:34.422 ERROR 1040 --- [http-nio-11000-exec-1] c.r.a.e.RuiJingExceptionHandler          : 出现异常，异常信息 ：文件删除失败 , 异常状态码 ：100017
2023-02-24 22:08:34.429  INFO 1040 --- [http-nio-11000-exec-3] com.ruijing.assets.aspect.SysLogAspect   : 来自于ip: 127.0.0.1 的 admin 用户于: Fri Feb 24 22:08:22 CST 2023 时刻进行了: 新增债权 操作
2023-02-24 22:08:34.429  INFO 1040 --- [http-nio-11000-exec-3] com.ruijing.assets.aspect.SysLogAspect   : 主线程结束了.............
2023-02-24 22:08:34.429  INFO 1040 --- [task-6] c.r.a.service.impl.SystemLogServiceImpl  : 副线程开始啦-----------
2023-02-24 22:08:34.429  INFO 1040 --- [http-nio-11000-exec-3] com.ruijing.assets.aspect.SysLogAspect   : =======End=======

2023-02-24 22:08:34.431  INFO 1040 --- [http-nio-11000-exec-8] com.ruijing.assets.aspect.SysLogAspect   : 来自于ip: 127.0.0.1 的 admin 用户于: Fri Feb 24 22:08:25 CST 2023 时刻进行了: 新增债权 操作
2023-02-24 22:08:34.431  INFO 1040 --- [http-nio-11000-exec-8] com.ruijing.assets.aspect.SysLogAspect   : 主线程结束了.............
2023-02-24 22:08:34.431  INFO 1040 --- [http-nio-11000-exec-8] com.ruijing.assets.aspect.SysLogAspect   : =======End=======

2023-02-24 22:08:34.431  INFO 1040 --- [task-7] c.r.a.service.impl.SystemLogServiceImpl  : 副线程开始啦-----------
2023-02-24 22:08:34.436  INFO 1040 --- [task-6] c.r.a.service.impl.SystemLogServiceImpl  : 副线程结束啦-----------
2023-02-24 22:08:34.437  INFO 1040 --- [task-7] c.r.a.service.impl.SystemLogServiceImpl  : 副线程结束啦-----------
2023-02-24 22:08:34.478  INFO 1040 --- [http-nio-11000-exec-10] com.ruijing.assets.aspect.SysLogAspect   : 来自于ip: 127.0.0.1 的 admin 用户于: Fri Feb 24 22:08:34 CST 2023 时刻进行了: 新增债权 操作
2023-02-24 22:08:34.479  INFO 1040 --- [http-nio-11000-exec-10] com.ruijing.assets.aspect.SysLogAspect   : 主线程结束了.............
2023-02-24 22:08:34.479  INFO 1040 --- [http-nio-11000-exec-10] com.ruijing.assets.aspect.SysLogAspect   : =======End=======

2023-02-24 22:08:34.479  INFO 1040 --- [task-8] c.r.a.service.impl.SystemLogServiceImpl  : 副线程开始啦-----------
2023-02-24 22:08:34.481  INFO 1040 --- [task-8] c.r.a.service.impl.SystemLogServiceImpl  : 副线程结束啦-----------
2023-02-24 22:09:41.866  INFO 1040 --- [http-nio-11000-exec-4] com.ruijing.assets.aspect.SysLogAspect   : 来自于ip: 127.0.0.1 的 admin 用户于: Fri Feb 24 22:09:41 CST 2023 时刻进行了: 修改债权 操作
2023-02-24 22:09:41.866  INFO 1040 --- [http-nio-11000-exec-4] com.ruijing.assets.aspect.SysLogAspect   : 主线程结束了.............
2023-02-24 22:09:41.866  INFO 1040 --- [http-nio-11000-exec-4] com.ruijing.assets.aspect.SysLogAspect   : =======End=======

2023-02-24 22:09:41.866  INFO 1040 --- [task-9] c.r.a.service.impl.SystemLogServiceImpl  : 副线程开始啦-----------
2023-02-24 22:09:41.871  INFO 1040 --- [task-9] c.r.a.service.impl.SystemLogServiceImpl  : 副线程结束啦-----------
2023-02-24 22:10:09.115 ERROR 1040 --- [http-nio-11000-exec-10] c.alibaba.druid.filter.stat.StatFilter   : slow sql 12544 millis. DELETE FROM asset_highlight 
 
 WHERE (asset_id = ?)[23]
2023-02-24 22:10:09.120 ERROR 1040 --- [http-nio-11000-exec-5] c.r.a.e.RuiJingExceptionHandler          : 出现异常，异常信息 ：文件删除失败 , 异常状态码 ：100017
