2023-02-21 23:16:51.774  INFO 25416 --- [main] c.r.a.RuijingAssetsAdminApplication      : Starting RuijingAssetsAdminApplication using Java 1.8.0_192 on DESKTOP-JN6621K with PID 25416 (C:\Users\31617\Desktop\project\ruijing-assets-admin\target\classes started by 31617 in C:\Users\31617\Desktop\project\ruijing-assets-admin)
2023-02-21 23:16:51.776  INFO 25416 --- [main] c.r.a.RuijingAssetsAdminApplication      : The following 1 profile is active: "prod"
2023-02-21 23:16:52.452  INFO 25416 --- [main] .s.d.r.c.RepositoryConfigurationDelegate : Multiple Spring Data modules found, entering strict repository configuration mode
2023-02-21 23:16:52.455  INFO 25416 --- [main] .s.d.r.c.RepositoryConfigurationDelegate : Bootstrapping Spring Data Redis repositories in DEFAULT mode.
2023-02-21 23:16:52.495  INFO 25416 --- [main] .s.d.r.c.RepositoryConfigurationDelegate : Finished Spring Data repository scanning in 26 ms. Found 0 Redis repository interfaces.
2023-02-21 23:16:53.103  INFO 25416 --- [main] o.s.b.w.embedded.tomcat.TomcatWebServer  : Tomcat initialized with port(s): 12000 (http)
2023-02-21 23:16:53.111  INFO 25416 --- [main] o.apache.catalina.core.StandardService   : Starting service [Tomcat]
2023-02-21 23:16:53.111  INFO 25416 --- [main] org.apache.catalina.core.StandardEngine  : Starting Servlet engine: [Apache Tomcat/9.0.71]
2023-02-21 23:16:53.225  INFO 25416 --- [main] o.a.c.c.C.[Tomcat].[localhost].[/]       : Initializing Spring embedded WebApplicationContext
2023-02-21 23:16:53.225  INFO 25416 --- [main] w.s.c.ServletWebServerApplicationContext : Root WebApplicationContext: initialization completed in 1416 ms
2023-02-21 23:16:53.647  INFO 25416 --- [main] c.a.d.s.b.a.DruidDataSourceAutoConfigure : Init DruidDataSource
2023-02-21 23:17:17.543  INFO 25416 --- [main] com.alibaba.druid.pool.DruidDataSource   : {dataSource-1} inited
2023-02-21 23:17:19.066  INFO 25416 --- [main] o.s.s.web.DefaultSecurityFilterChain     : Will secure any request with [org.springframework.security.web.session.DisableEncodeUrlFilter@4e48462d, org.springframework.security.web.context.request.async.WebAsyncManagerIntegrationFilter@17216605, org.springframework.security.web.context.SecurityContextPersistenceFilter@207dd1b7, org.springframework.security.web.header.HeaderWriterFilter@44fd7ba4, org.springframework.web.filter.CorsFilter@1886991b, com.ruijing.assets.filter.JwtAuthenticationTokenFilter@ed91d8d, org.springframework.security.web.savedrequest.RequestCacheAwareFilter@10618775, org.springframework.security.web.servletapi.SecurityContextHolderAwareRequestFilter@6f96dd64, org.springframework.security.web.authentication.AnonymousAuthenticationFilter@10a907ec, org.springframework.security.web.session.SessionManagementFilter@3db6dd52, org.springframework.security.web.access.ExceptionTranslationFilter@5463f035, org.springframework.security.web.access.intercept.FilterSecurityInterceptor@28daf506]
2023-02-21 23:17:19.137  INFO 25416 --- [main] o.s.b.w.embedded.tomcat.TomcatWebServer  : Tomcat started on port(s): 12000 (http) with context path ''
2023-02-21 23:17:19.146  INFO 25416 --- [main] c.r.a.RuijingAssetsAdminApplication      : Started RuijingAssetsAdminApplication in 27.744 seconds (JVM running for 28.386)
2023-02-21 23:18:36.595  INFO 25416 --- [http-nio-12000-exec-2] o.a.c.c.C.[Tomcat].[localhost].[/]       : Initializing Spring DispatcherServlet 'dispatcherServlet'
2023-02-21 23:18:36.596  INFO 25416 --- [http-nio-12000-exec-2] o.s.web.servlet.DispatcherServlet        : Initializing Servlet 'dispatcherServlet'
2023-02-21 23:18:36.597  INFO 25416 --- [http-nio-12000-exec-2] o.s.web.servlet.DispatcherServlet        : Completed initialization in 1 ms
2023-02-21 23:18:37.619  WARN 25416 --- [http-nio-12000-exec-2] .w.s.m.s.DefaultHandlerExceptionResolver : Resolved [org.springframework.http.converter.HttpMessageNotReadableException: JSON parse error: Cannot deserialize value of type `java.util.ArrayList<java.lang.Long>` from Object value (token `JsonToken.START_OBJECT`); nested exception is com.fasterxml.jackson.databind.exc.MismatchedInputException: Cannot deserialize value of type `java.util.ArrayList<java.lang.Long>` from Object value (token `JsonToken.START_OBJECT`)<EOL> at [Source: (org.springframework.util.StreamUtils$NonClosingInputStream); line: 1, column: 1]]
2023-02-21 23:19:13.299  INFO 25416 --- [http-nio-12000-exec-3] com.ruijing.assets.aspect.SysLogAspect   : =======End=======

2023-02-21 23:20:58.622  INFO 25416 --- [SpringApplicationShutdownHook] com.alibaba.druid.pool.DruidDataSource   : {dataSource-1} closing ...
2023-02-21 23:20:58.625  INFO 25416 --- [SpringApplicationShutdownHook] com.alibaba.druid.pool.DruidDataSource   : {dataSource-1} closed
2023-02-21 23:21:03.617  INFO 23876 --- [main] c.r.a.RuijingAssetsAdminApplication      : Starting RuijingAssetsAdminApplication using Java 1.8.0_192 on DESKTOP-JN6621K with PID 23876 (C:\Users\31617\Desktop\project\ruijing-assets-admin\target\classes started by 31617 in C:\Users\31617\Desktop\project\ruijing-assets-admin)
2023-02-21 23:21:03.619  INFO 23876 --- [main] c.r.a.RuijingAssetsAdminApplication      : The following 1 profile is active: "prod"
2023-02-21 23:21:04.221  INFO 23876 --- [main] .s.d.r.c.RepositoryConfigurationDelegate : Multiple Spring Data modules found, entering strict repository configuration mode
2023-02-21 23:21:04.223  INFO 23876 --- [main] .s.d.r.c.RepositoryConfigurationDelegate : Bootstrapping Spring Data Redis repositories in DEFAULT mode.
2023-02-21 23:21:04.262  INFO 23876 --- [main] .s.d.r.c.RepositoryConfigurationDelegate : Finished Spring Data repository scanning in 27 ms. Found 0 Redis repository interfaces.
2023-02-21 23:21:04.749  INFO 23876 --- [main] o.s.b.w.embedded.tomcat.TomcatWebServer  : Tomcat initialized with port(s): 12000 (http)
2023-02-21 23:21:04.756  INFO 23876 --- [main] o.apache.catalina.core.StandardService   : Starting service [Tomcat]
2023-02-21 23:21:04.756  INFO 23876 --- [main] org.apache.catalina.core.StandardEngine  : Starting Servlet engine: [Apache Tomcat/9.0.71]
2023-02-21 23:21:04.870  INFO 23876 --- [main] o.a.c.c.C.[Tomcat].[localhost].[/]       : Initializing Spring embedded WebApplicationContext
2023-02-21 23:21:04.870  INFO 23876 --- [main] w.s.c.ServletWebServerApplicationContext : Root WebApplicationContext: initialization completed in 1216 ms
2023-02-21 23:21:05.237  INFO 23876 --- [main] c.a.d.s.b.a.DruidDataSourceAutoConfigure : Init DruidDataSource
2023-02-21 23:21:22.579  INFO 23876 --- [main] com.alibaba.druid.pool.DruidDataSource   : {dataSource-1} inited
2023-02-21 23:21:23.909  INFO 23876 --- [main] o.s.s.web.DefaultSecurityFilterChain     : Will secure any request with [org.springframework.security.web.session.DisableEncodeUrlFilter@4e48462d, org.springframework.security.web.context.request.async.WebAsyncManagerIntegrationFilter@17216605, org.springframework.security.web.context.SecurityContextPersistenceFilter@207dd1b7, org.springframework.security.web.header.HeaderWriterFilter@44fd7ba4, org.springframework.web.filter.CorsFilter@1886991b, com.ruijing.assets.filter.JwtAuthenticationTokenFilter@ed91d8d, org.springframework.security.web.savedrequest.RequestCacheAwareFilter@10618775, org.springframework.security.web.servletapi.SecurityContextHolderAwareRequestFilter@6f96dd64, org.springframework.security.web.authentication.AnonymousAuthenticationFilter@10a907ec, org.springframework.security.web.session.SessionManagementFilter@3db6dd52, org.springframework.security.web.access.ExceptionTranslationFilter@5463f035, org.springframework.security.web.access.intercept.FilterSecurityInterceptor@28daf506]
2023-02-21 23:21:23.967  INFO 23876 --- [main] o.s.b.w.embedded.tomcat.TomcatWebServer  : Tomcat started on port(s): 12000 (http) with context path ''
2023-02-21 23:21:23.975  INFO 23876 --- [main] c.r.a.RuijingAssetsAdminApplication      : Started RuijingAssetsAdminApplication in 20.676 seconds (JVM running for 21.365)
2023-02-21 23:21:49.433  INFO 23876 --- [http-nio-12000-exec-1] o.a.c.c.C.[Tomcat].[localhost].[/]       : Initializing Spring DispatcherServlet 'dispatcherServlet'
2023-02-21 23:21:49.433  INFO 23876 --- [http-nio-12000-exec-1] o.s.web.servlet.DispatcherServlet        : Initializing Servlet 'dispatcherServlet'
2023-02-21 23:21:49.434  INFO 23876 --- [http-nio-12000-exec-1] o.s.web.servlet.DispatcherServlet        : Completed initialization in 1 ms
2023-02-21 23:21:50.296  INFO 23876 --- [http-nio-12000-exec-1] com.ruijing.assets.aspect.SysLogAspect   : =======End=======

2023-02-21 23:21:50.298 ERROR 23876 --- [http-nio-12000-exec-1] c.r.a.e.RuiJingExceptionHandler          : 出现异常，异常信息 ：文件删除失败 , 异常状态码 ：100017
