2024-07-08 00:03:51.517  INFO 12912 --- [SpringApplicationShutdownHook] com.alibaba.druid.pool.DruidDataSource   : {dataSource-1} closing ...
2024-07-08 00:03:51.529  INFO 12912 --- [SpringApplicationShutdownHook] com.alibaba.druid.pool.DruidDataSource   : {dataSource-1} closed
2024-07-08 00:03:58.576  INFO 26344 --- [main] c.r.a.RuijingAssetsAdminApplication      : Starting RuijingAssetsAdminApplication using Java 1.8.0_321 on DESKTOP-R0TIG6Q with PID 26344 (C:\Users\15385\Desktop\代码\ruijing-assets-admin\ruijing-assets-admin\target\classes started by 15385 in C:\Users\15385\Desktop\代码\ruijing-assets-admin\ruijing-assets-admin)
2024-07-08 00:03:58.578  INFO 26344 --- [main] c.r.a.RuijingAssetsAdminApplication      : The following 1 profile is active: "prod"
2024-07-08 00:03:59.489  INFO 26344 --- [main] .s.d.r.c.RepositoryConfigurationDelegate : Multiple Spring Data modules found, entering strict repository configuration mode
2024-07-08 00:03:59.493  INFO 26344 --- [main] .s.d.r.c.RepositoryConfigurationDelegate : Bootstrapping Spring Data Redis repositories in DEFAULT mode.
2024-07-08 00:03:59.536  INFO 26344 --- [main] .s.d.r.c.RepositoryConfigurationDelegate : Finished Spring Data repository scanning in 24 ms. Found 0 Redis repository interfaces.
2024-07-08 00:04:00.172  INFO 26344 --- [main] o.s.b.w.embedded.tomcat.TomcatWebServer  : Tomcat initialized with port(s): 12000 (http)
2024-07-08 00:04:00.182  INFO 26344 --- [main] o.apache.catalina.core.StandardService   : Starting service [Tomcat]
2024-07-08 00:04:00.182  INFO 26344 --- [main] org.apache.catalina.core.StandardEngine  : Starting Servlet engine: [Apache Tomcat/9.0.71]
2024-07-08 00:04:00.334  INFO 26344 --- [main] o.a.c.c.C.[Tomcat].[localhost].[/]       : Initializing Spring embedded WebApplicationContext
2024-07-08 00:04:00.334  INFO 26344 --- [main] w.s.c.ServletWebServerApplicationContext : Root WebApplicationContext: initialization completed in 1717 ms
2024-07-08 00:04:00.770  INFO 26344 --- [main] c.a.d.s.b.a.DruidDataSourceAutoConfigure : Init DruidDataSource
2024-07-08 00:04:01.194  INFO 26344 --- [main] com.alibaba.druid.pool.DruidDataSource   : {dataSource-1} inited
2024-07-08 00:04:03.729  INFO 26344 --- [main] o.s.s.web.DefaultSecurityFilterChain     : Will secure any request with [org.springframework.security.web.session.DisableEncodeUrlFilter@36cf6377, org.springframework.security.web.context.request.async.WebAsyncManagerIntegrationFilter@2befb16f, org.springframework.security.web.context.SecurityContextPersistenceFilter@4713b631, org.springframework.security.web.header.HeaderWriterFilter@29394966, org.springframework.web.filter.CorsFilter@255d9277, com.ruijing.assets.filter.JwtAuthenticationTokenFilter@477523ba, org.springframework.security.web.savedrequest.RequestCacheAwareFilter@a80a896, org.springframework.security.web.servletapi.SecurityContextHolderAwareRequestFilter@1826475, org.springframework.security.web.authentication.AnonymousAuthenticationFilter@3151277f, org.springframework.security.web.session.SessionManagementFilter@582ca1e2, org.springframework.security.web.access.ExceptionTranslationFilter@65e92505, org.springframework.security.web.access.intercept.FilterSecurityInterceptor@d02c00]
2024-07-08 00:04:03.806  INFO 26344 --- [main] o.s.b.w.embedded.tomcat.TomcatWebServer  : Tomcat started on port(s): 12000 (http) with context path ''
2024-07-08 00:04:03.815  INFO 26344 --- [main] c.r.a.RuijingAssetsAdminApplication      : Started RuijingAssetsAdminApplication in 5.601 seconds (JVM running for 7.012)
2024-07-08 00:04:57.437  INFO 26344 --- [http-nio-12000-exec-3] o.a.c.c.C.[Tomcat].[localhost].[/]       : Initializing Spring DispatcherServlet 'dispatcherServlet'
2024-07-08 00:04:57.437  INFO 26344 --- [http-nio-12000-exec-3] o.s.web.servlet.DispatcherServlet        : Initializing Servlet 'dispatcherServlet'
2024-07-08 00:04:57.438  INFO 26344 --- [http-nio-12000-exec-3] o.s.web.servlet.DispatcherServlet        : Completed initialization in 1 ms
2024-07-08 00:07:34.011  INFO 26344 --- [http-nio-12000-exec-10] com.ruijing.assets.aspect.SysLogAspect   : 来自于ip: 0:0:0:0:0:0:0:1 的 root 用户于: Mon Jul 08 00:07:33 CST 2024 时刻进行了: 新增债权 操作
2024-07-08 00:07:34.030  INFO 26344 --- [http-nio-12000-exec-10] com.ruijing.assets.aspect.SysLogAspect   : 主线程结束了.............
2024-07-08 00:07:34.030  INFO 26344 --- [http-nio-12000-exec-10] com.ruijing.assets.aspect.SysLogAspect   : =======End=======

2024-07-08 00:07:34.035  INFO 26344 --- [task-1] c.r.a.service.impl.SystemLogServiceImpl  : 副线程开始啦-----------
2024-07-08 00:07:34.036  INFO 26344 --- [http-nio-12000-exec-9] com.ruijing.assets.aspect.SysLogAspect   : 来自于ip: 0:0:0:0:0:0:0:1 的 root 用户于: Mon Jul 08 00:07:33 CST 2024 时刻进行了: 新增债权 操作
2024-07-08 00:07:34.036  INFO 26344 --- [http-nio-12000-exec-9] com.ruijing.assets.aspect.SysLogAspect   : 主线程结束了.............
2024-07-08 00:07:34.036  INFO 26344 --- [http-nio-12000-exec-9] com.ruijing.assets.aspect.SysLogAspect   : =======End=======

2024-07-08 00:07:34.036  INFO 26344 --- [http-nio-12000-exec-2] com.ruijing.assets.aspect.SysLogAspect   : 来自于ip: 0:0:0:0:0:0:0:1 的 root 用户于: Mon Jul 08 00:07:33 CST 2024 时刻进行了: 新增债权 操作
2024-07-08 00:07:34.036  INFO 26344 --- [task-2] c.r.a.service.impl.SystemLogServiceImpl  : 副线程开始啦-----------
2024-07-08 00:07:34.037  INFO 26344 --- [http-nio-12000-exec-2] com.ruijing.assets.aspect.SysLogAspect   : 主线程结束了.............
2024-07-08 00:07:34.037  INFO 26344 --- [http-nio-12000-exec-5] com.ruijing.assets.aspect.SysLogAspect   : 来自于ip: 0:0:0:0:0:0:0:1 的 root 用户于: Mon Jul 08 00:07:33 CST 2024 时刻进行了: 新增债权 操作
2024-07-08 00:07:34.037  INFO 26344 --- [http-nio-12000-exec-2] com.ruijing.assets.aspect.SysLogAspect   : =======End=======

2024-07-08 00:07:34.037  INFO 26344 --- [task-3] c.r.a.service.impl.SystemLogServiceImpl  : 副线程开始啦-----------
2024-07-08 00:07:34.037  INFO 26344 --- [http-nio-12000-exec-5] com.ruijing.assets.aspect.SysLogAspect   : 主线程结束了.............
2024-07-08 00:07:34.037  INFO 26344 --- [http-nio-12000-exec-5] com.ruijing.assets.aspect.SysLogAspect   : =======End=======

2024-07-08 00:07:34.038  INFO 26344 --- [task-4] c.r.a.service.impl.SystemLogServiceImpl  : 副线程开始啦-----------
2024-07-08 00:07:34.041  INFO 26344 --- [task-1] c.r.a.service.impl.SystemLogServiceImpl  : 副线程结束啦-----------
2024-07-08 00:07:34.041  INFO 26344 --- [task-4] c.r.a.service.impl.SystemLogServiceImpl  : 副线程结束啦-----------
2024-07-08 00:07:34.041  INFO 26344 --- [task-3] c.r.a.service.impl.SystemLogServiceImpl  : 副线程结束啦-----------
2024-07-08 00:07:34.042  INFO 26344 --- [task-2] c.r.a.service.impl.SystemLogServiceImpl  : 副线程结束啦-----------
2024-07-08 00:07:53.025  INFO 26344 --- [http-nio-12000-exec-4] com.ruijing.assets.aspect.SysLogAspect   : 来自于ip: 0:0:0:0:0:0:0:1 的 root 用户于: Mon Jul 08 00:07:53 CST 2024 时刻进行了: 退出登录 操作
2024-07-08 00:07:53.026  INFO 26344 --- [http-nio-12000-exec-4] com.ruijing.assets.aspect.SysLogAspect   : 主线程结束了.............
2024-07-08 00:07:53.026  INFO 26344 --- [http-nio-12000-exec-4] com.ruijing.assets.aspect.SysLogAspect   : =======End=======

2024-07-08 00:07:53.026  INFO 26344 --- [task-5] c.r.a.service.impl.SystemLogServiceImpl  : 副线程开始啦-----------
2024-07-08 00:07:53.029  INFO 26344 --- [task-5] c.r.a.service.impl.SystemLogServiceImpl  : 副线程结束啦-----------
2024-07-08 00:07:57.486  INFO 26344 --- [http-nio-12000-exec-3] com.ruijing.assets.aspect.SysLogAspect   : 来自于ip: 0:0:0:0:0:0:0:1 的 kimi 用户于: Mon Jul 08 00:07:57 CST 2024 时刻进行了: 登录 操作
2024-07-08 00:07:57.486  INFO 26344 --- [http-nio-12000-exec-3] com.ruijing.assets.aspect.SysLogAspect   : 主线程结束了.............
2024-07-08 00:07:57.486  INFO 26344 --- [http-nio-12000-exec-3] com.ruijing.assets.aspect.SysLogAspect   : =======End=======

2024-07-08 00:07:57.486  INFO 26344 --- [task-6] c.r.a.service.impl.SystemLogServiceImpl  : 副线程开始啦-----------
2024-07-08 00:07:57.488  INFO 26344 --- [task-6] c.r.a.service.impl.SystemLogServiceImpl  : 副线程结束啦-----------
2024-07-08 00:08:07.615  INFO 26344 --- [http-nio-12000-exec-2] com.ruijing.assets.aspect.SysLogAspect   : 来自于ip: 0:0:0:0:0:0:0:1 的 kimi 用户于: Mon Jul 08 00:08:07 CST 2024 时刻进行了: 新增债权 操作
2024-07-08 00:08:07.616  INFO 26344 --- [http-nio-12000-exec-2] com.ruijing.assets.aspect.SysLogAspect   : 主线程结束了.............
2024-07-08 00:08:07.616  INFO 26344 --- [http-nio-12000-exec-2] com.ruijing.assets.aspect.SysLogAspect   : =======End=======

2024-07-08 00:08:07.616  INFO 26344 --- [task-7] c.r.a.service.impl.SystemLogServiceImpl  : 副线程开始啦-----------
2024-07-08 00:08:07.618  INFO 26344 --- [task-7] c.r.a.service.impl.SystemLogServiceImpl  : 副线程结束啦-----------
2024-07-08 00:08:07.621  INFO 26344 --- [http-nio-12000-exec-4] com.ruijing.assets.aspect.SysLogAspect   : 来自于ip: 0:0:0:0:0:0:0:1 的 kimi 用户于: Mon Jul 08 00:08:07 CST 2024 时刻进行了: 新增债权 操作
2024-07-08 00:08:07.622  INFO 26344 --- [http-nio-12000-exec-4] com.ruijing.assets.aspect.SysLogAspect   : 主线程结束了.............
2024-07-08 00:08:07.622  INFO 26344 --- [http-nio-12000-exec-4] com.ruijing.assets.aspect.SysLogAspect   : =======End=======

2024-07-08 00:08:07.622  INFO 26344 --- [http-nio-12000-exec-5] com.ruijing.assets.aspect.SysLogAspect   : 来自于ip: 0:0:0:0:0:0:0:1 的 kimi 用户于: Mon Jul 08 00:08:07 CST 2024 时刻进行了: 新增债权 操作
2024-07-08 00:08:07.622  INFO 26344 --- [http-nio-12000-exec-10] com.ruijing.assets.aspect.SysLogAspect   : 来自于ip: 0:0:0:0:0:0:0:1 的 kimi 用户于: Mon Jul 08 00:08:07 CST 2024 时刻进行了: 新增债权 操作
2024-07-08 00:08:07.622  INFO 26344 --- [task-8] c.r.a.service.impl.SystemLogServiceImpl  : 副线程开始啦-----------
2024-07-08 00:08:07.622  INFO 26344 --- [http-nio-12000-exec-10] com.ruijing.assets.aspect.SysLogAspect   : 主线程结束了.............
2024-07-08 00:08:07.622  INFO 26344 --- [http-nio-12000-exec-5] com.ruijing.assets.aspect.SysLogAspect   : 主线程结束了.............
2024-07-08 00:08:07.622  INFO 26344 --- [http-nio-12000-exec-10] com.ruijing.assets.aspect.SysLogAspect   : =======End=======

2024-07-08 00:08:07.622  INFO 26344 --- [task-1] c.r.a.service.impl.SystemLogServiceImpl  : 副线程开始啦-----------
2024-07-08 00:08:07.622  INFO 26344 --- [http-nio-12000-exec-5] com.ruijing.assets.aspect.SysLogAspect   : =======End=======

2024-07-08 00:08:07.622  INFO 26344 --- [task-3] c.r.a.service.impl.SystemLogServiceImpl  : 副线程开始啦-----------
2024-07-08 00:08:07.624  INFO 26344 --- [task-1] c.r.a.service.impl.SystemLogServiceImpl  : 副线程结束啦-----------
2024-07-08 00:08:07.625  INFO 26344 --- [task-3] c.r.a.service.impl.SystemLogServiceImpl  : 副线程结束啦-----------
2024-07-08 00:08:07.625  INFO 26344 --- [task-8] c.r.a.service.impl.SystemLogServiceImpl  : 副线程结束啦-----------
2024-07-08 00:08:16.264  INFO 26344 --- [http-nio-12000-exec-4] com.ruijing.assets.aspect.SysLogAspect   : 来自于ip: 0:0:0:0:0:0:0:1 的 kimi 用户于: Mon Jul 08 00:08:16 CST 2024 时刻进行了: 退出登录 操作
2024-07-08 00:08:16.264  INFO 26344 --- [http-nio-12000-exec-4] com.ruijing.assets.aspect.SysLogAspect   : 主线程结束了.............
2024-07-08 00:08:16.264  INFO 26344 --- [http-nio-12000-exec-4] com.ruijing.assets.aspect.SysLogAspect   : =======End=======

2024-07-08 00:08:16.264  INFO 26344 --- [task-4] c.r.a.service.impl.SystemLogServiceImpl  : 副线程开始啦-----------
2024-07-08 00:08:16.266  INFO 26344 --- [task-4] c.r.a.service.impl.SystemLogServiceImpl  : 副线程结束啦-----------
2024-07-08 00:08:23.560  INFO 26344 --- [http-nio-12000-exec-2] com.ruijing.assets.aspect.SysLogAspect   : 来自于ip: 0:0:0:0:0:0:0:1 的 bob 用户于: Mon Jul 08 00:08:23 CST 2024 时刻进行了: 登录 操作
2024-07-08 00:08:23.560  INFO 26344 --- [http-nio-12000-exec-2] com.ruijing.assets.aspect.SysLogAspect   : 主线程结束了.............
2024-07-08 00:08:23.560  INFO 26344 --- [http-nio-12000-exec-2] com.ruijing.assets.aspect.SysLogAspect   : =======End=======

2024-07-08 00:08:23.560  INFO 26344 --- [task-2] c.r.a.service.impl.SystemLogServiceImpl  : 副线程开始啦-----------
2024-07-08 00:08:23.563  INFO 26344 --- [task-2] c.r.a.service.impl.SystemLogServiceImpl  : 副线程结束啦-----------
2024-07-08 00:08:32.525  INFO 26344 --- [http-nio-12000-exec-3] com.ruijing.assets.aspect.SysLogAspect   : 来自于ip: 0:0:0:0:0:0:0:1 的 bob 用户于: Mon Jul 08 00:08:32 CST 2024 时刻进行了: 新增债权 操作
2024-07-08 00:08:32.526  INFO 26344 --- [http-nio-12000-exec-3] com.ruijing.assets.aspect.SysLogAspect   : 主线程结束了.............
2024-07-08 00:08:32.526  INFO 26344 --- [task-5] c.r.a.service.impl.SystemLogServiceImpl  : 副线程开始啦-----------
2024-07-08 00:08:32.526  INFO 26344 --- [http-nio-12000-exec-3] com.ruijing.assets.aspect.SysLogAspect   : =======End=======

2024-07-08 00:08:32.530  INFO 26344 --- [task-5] c.r.a.service.impl.SystemLogServiceImpl  : 副线程结束啦-----------
2024-07-08 00:08:32.535  INFO 26344 --- [http-nio-12000-exec-5] com.ruijing.assets.aspect.SysLogAspect   : 来自于ip: 0:0:0:0:0:0:0:1 的 bob 用户于: Mon Jul 08 00:08:32 CST 2024 时刻进行了: 新增债权 操作
2024-07-08 00:08:32.536  INFO 26344 --- [http-nio-12000-exec-5] com.ruijing.assets.aspect.SysLogAspect   : 主线程结束了.............
2024-07-08 00:08:32.536  INFO 26344 --- [task-6] c.r.a.service.impl.SystemLogServiceImpl  : 副线程开始啦-----------
2024-07-08 00:08:32.536  INFO 26344 --- [http-nio-12000-exec-5] com.ruijing.assets.aspect.SysLogAspect   : =======End=======

2024-07-08 00:08:32.536  INFO 26344 --- [http-nio-12000-exec-10] com.ruijing.assets.aspect.SysLogAspect   : 来自于ip: 0:0:0:0:0:0:0:1 的 bob 用户于: Mon Jul 08 00:08:32 CST 2024 时刻进行了: 新增债权 操作
2024-07-08 00:08:32.536  INFO 26344 --- [http-nio-12000-exec-10] com.ruijing.assets.aspect.SysLogAspect   : 主线程结束了.............
2024-07-08 00:08:32.536  INFO 26344 --- [http-nio-12000-exec-10] com.ruijing.assets.aspect.SysLogAspect   : =======End=======

2024-07-08 00:08:32.536  INFO 26344 --- [task-7] c.r.a.service.impl.SystemLogServiceImpl  : 副线程开始啦-----------
2024-07-08 00:08:32.539  INFO 26344 --- [task-6] c.r.a.service.impl.SystemLogServiceImpl  : 副线程结束啦-----------
2024-07-08 00:08:32.539  INFO 26344 --- [task-7] c.r.a.service.impl.SystemLogServiceImpl  : 副线程结束啦-----------
2024-07-08 00:08:32.540  INFO 26344 --- [http-nio-12000-exec-6] com.ruijing.assets.aspect.SysLogAspect   : 来自于ip: 0:0:0:0:0:0:0:1 的 bob 用户于: Mon Jul 08 00:08:32 CST 2024 时刻进行了: 新增债权 操作
2024-07-08 00:08:32.540  INFO 26344 --- [http-nio-12000-exec-6] com.ruijing.assets.aspect.SysLogAspect   : 主线程结束了.............
2024-07-08 00:08:32.540  INFO 26344 --- [http-nio-12000-exec-6] com.ruijing.assets.aspect.SysLogAspect   : =======End=======

2024-07-08 00:08:32.540  INFO 26344 --- [task-1] c.r.a.service.impl.SystemLogServiceImpl  : 副线程开始啦-----------
2024-07-08 00:08:32.543  INFO 26344 --- [task-1] c.r.a.service.impl.SystemLogServiceImpl  : 副线程结束啦-----------
2024-07-08 00:08:35.611  INFO 26344 --- [http-nio-12000-exec-6] com.ruijing.assets.aspect.SysLogAspect   : 来自于ip: 0:0:0:0:0:0:0:1 的 bob 用户于: Mon Jul 08 00:08:35 CST 2024 时刻进行了: 退出登录 操作
2024-07-08 00:08:35.612  INFO 26344 --- [http-nio-12000-exec-6] com.ruijing.assets.aspect.SysLogAspect   : 主线程结束了.............
2024-07-08 00:08:35.612  INFO 26344 --- [task-3] c.r.a.service.impl.SystemLogServiceImpl  : 副线程开始啦-----------
2024-07-08 00:08:35.612  INFO 26344 --- [http-nio-12000-exec-6] com.ruijing.assets.aspect.SysLogAspect   : =======End=======

2024-07-08 00:08:35.615  INFO 26344 --- [task-3] c.r.a.service.impl.SystemLogServiceImpl  : 副线程结束啦-----------
2024-07-08 00:08:43.425  INFO 26344 --- [http-nio-12000-exec-8] com.ruijing.assets.aspect.SysLogAspect   : 来自于ip: 0:0:0:0:0:0:0:1 的 root 用户于: Mon Jul 08 00:08:43 CST 2024 时刻进行了: 登录 操作
2024-07-08 00:08:43.426  INFO 26344 --- [http-nio-12000-exec-8] com.ruijing.assets.aspect.SysLogAspect   : 主线程结束了.............
2024-07-08 00:08:43.426  INFO 26344 --- [task-8] c.r.a.service.impl.SystemLogServiceImpl  : 副线程开始啦-----------
2024-07-08 00:08:43.426  INFO 26344 --- [http-nio-12000-exec-8] com.ruijing.assets.aspect.SysLogAspect   : =======End=======

2024-07-08 00:08:43.428  INFO 26344 --- [task-8] c.r.a.service.impl.SystemLogServiceImpl  : 副线程结束啦-----------
2024-07-08 00:15:09.726  INFO 26344 --- [SpringApplicationShutdownHook] com.alibaba.druid.pool.DruidDataSource   : {dataSource-1} closing ...
2024-07-08 00:15:09.732  INFO 26344 --- [SpringApplicationShutdownHook] com.alibaba.druid.pool.DruidDataSource   : {dataSource-1} closed
2024-07-08 00:15:42.800  INFO 24004 --- [main] c.r.a.RuijingAssetsAdminApplication      : Starting RuijingAssetsAdminApplication using Java 1.8.0_321 on DESKTOP-R0TIG6Q with PID 24004 (C:\Users\15385\Desktop\代码\ruijing-assets-admin\ruijing-assets-admin\target\classes started by 15385 in C:\Users\15385\Desktop\代码\ruijing-assets-admin\ruijing-assets-admin)
2024-07-08 00:15:42.801  INFO 24004 --- [main] c.r.a.RuijingAssetsAdminApplication      : The following 1 profile is active: "prod"
2024-07-08 00:15:43.524  INFO 24004 --- [main] .s.d.r.c.RepositoryConfigurationDelegate : Multiple Spring Data modules found, entering strict repository configuration mode
2024-07-08 00:15:43.527  INFO 24004 --- [main] .s.d.r.c.RepositoryConfigurationDelegate : Bootstrapping Spring Data Redis repositories in DEFAULT mode.
2024-07-08 00:15:43.563  INFO 24004 --- [main] .s.d.r.c.RepositoryConfigurationDelegate : Finished Spring Data repository scanning in 23 ms. Found 0 Redis repository interfaces.
2024-07-08 00:15:44.129  INFO 24004 --- [main] o.s.b.w.embedded.tomcat.TomcatWebServer  : Tomcat initialized with port(s): 12000 (http)
2024-07-08 00:15:44.138  INFO 24004 --- [main] o.apache.catalina.core.StandardService   : Starting service [Tomcat]
2024-07-08 00:15:44.138  INFO 24004 --- [main] org.apache.catalina.core.StandardEngine  : Starting Servlet engine: [Apache Tomcat/9.0.71]
2024-07-08 00:15:44.386  INFO 24004 --- [main] o.a.c.c.C.[Tomcat].[localhost].[/]       : Initializing Spring embedded WebApplicationContext
2024-07-08 00:15:44.387  INFO 24004 --- [main] w.s.c.ServletWebServerApplicationContext : Root WebApplicationContext: initialization completed in 1552 ms
2024-07-08 00:15:44.829  INFO 24004 --- [main] c.a.d.s.b.a.DruidDataSourceAutoConfigure : Init DruidDataSource
2024-07-08 00:15:45.161  INFO 24004 --- [main] com.alibaba.druid.pool.DruidDataSource   : {dataSource-1} inited
2024-07-08 00:15:48.127  INFO 24004 --- [main] o.s.s.web.DefaultSecurityFilterChain     : Will secure any request with [org.springframework.security.web.session.DisableEncodeUrlFilter@22172b00, org.springframework.security.web.context.request.async.WebAsyncManagerIntegrationFilter@d02c00, org.springframework.security.web.context.SecurityContextPersistenceFilter@18dafd3b, org.springframework.security.web.header.HeaderWriterFilter@1885dc2b, org.springframework.web.filter.CorsFilter@4fb57fb3, com.ruijing.assets.filter.JwtAuthenticationTokenFilter@565d7d2f, org.springframework.security.web.savedrequest.RequestCacheAwareFilter@197cc325, org.springframework.security.web.servletapi.SecurityContextHolderAwareRequestFilter@1cca3e8c, org.springframework.security.web.authentication.AnonymousAuthenticationFilter@4205d5d0, org.springframework.security.web.session.SessionManagementFilter@e97f51c, org.springframework.security.web.access.ExceptionTranslationFilter@716e6fa5, org.springframework.security.web.access.intercept.FilterSecurityInterceptor@4c9d833]
2024-07-08 00:15:48.249  INFO 24004 --- [main] o.s.b.w.embedded.tomcat.TomcatWebServer  : Tomcat started on port(s): 12000 (http) with context path ''
2024-07-08 00:15:48.264  INFO 24004 --- [main] c.r.a.RuijingAssetsAdminApplication      : Started RuijingAssetsAdminApplication in 5.88 seconds (JVM running for 6.752)
2024-07-08 00:15:50.699  INFO 24004 --- [http-nio-12000-exec-1] o.a.c.c.C.[Tomcat].[localhost].[/]       : Initializing Spring DispatcherServlet 'dispatcherServlet'
2024-07-08 00:15:50.699  INFO 24004 --- [http-nio-12000-exec-1] o.s.web.servlet.DispatcherServlet        : Initializing Servlet 'dispatcherServlet'
2024-07-08 00:15:50.700  INFO 24004 --- [http-nio-12000-exec-1] o.s.web.servlet.DispatcherServlet        : Completed initialization in 1 ms
2024-07-08 00:15:58.845  INFO 24004 --- [http-nio-12000-exec-4] com.ruijing.assets.aspect.SysLogAspect   : 来自于ip: 0:0:0:0:0:0:0:1 的 root 用户于: Mon Jul 08 00:15:58 CST 2024 时刻进行了: 删除用户 操作
2024-07-08 00:15:58.849  INFO 24004 --- [http-nio-12000-exec-4] com.ruijing.assets.aspect.SysLogAspect   : 主线程结束了.............
2024-07-08 00:15:58.849  INFO 24004 --- [http-nio-12000-exec-4] com.ruijing.assets.aspect.SysLogAspect   : =======End=======

2024-07-08 00:15:58.853  INFO 24004 --- [task-1] c.r.a.service.impl.SystemLogServiceImpl  : 副线程开始啦-----------
2024-07-08 00:15:58.928  INFO 24004 --- [task-1] c.r.a.service.impl.SystemLogServiceImpl  : 副线程结束啦-----------
2024-07-08 00:16:02.371  INFO 24004 --- [http-nio-12000-exec-5] com.ruijing.assets.aspect.SysLogAspect   : 来自于ip: 0:0:0:0:0:0:0:1 的 root 用户于: Mon Jul 08 00:16:02 CST 2024 时刻进行了: 删除用户 操作
2024-07-08 00:16:02.371  INFO 24004 --- [http-nio-12000-exec-5] com.ruijing.assets.aspect.SysLogAspect   : 主线程结束了.............
2024-07-08 00:16:02.371  INFO 24004 --- [http-nio-12000-exec-5] com.ruijing.assets.aspect.SysLogAspect   : =======End=======

2024-07-08 00:16:02.371  INFO 24004 --- [task-2] c.r.a.service.impl.SystemLogServiceImpl  : 副线程开始啦-----------
2024-07-08 00:16:02.374  INFO 24004 --- [task-2] c.r.a.service.impl.SystemLogServiceImpl  : 副线程结束啦-----------
2024-07-08 00:16:07.249  INFO 24004 --- [http-nio-12000-exec-6] com.ruijing.assets.aspect.SysLogAspect   : 来自于ip: 0:0:0:0:0:0:0:1 的 root 用户于: Mon Jul 08 00:16:07 CST 2024 时刻进行了: 删除用户 操作
2024-07-08 00:16:07.250  INFO 24004 --- [http-nio-12000-exec-6] com.ruijing.assets.aspect.SysLogAspect   : 主线程结束了.............
2024-07-08 00:16:07.250  INFO 24004 --- [http-nio-12000-exec-6] com.ruijing.assets.aspect.SysLogAspect   : =======End=======

2024-07-08 00:16:07.250  INFO 24004 --- [task-3] c.r.a.service.impl.SystemLogServiceImpl  : 副线程开始啦-----------
2024-07-08 00:16:07.253  INFO 24004 --- [task-3] c.r.a.service.impl.SystemLogServiceImpl  : 副线程结束啦-----------
2024-07-08 00:16:15.891  INFO 24004 --- [http-nio-12000-exec-2] com.ruijing.assets.aspect.SysLogAspect   : 来自于ip: 0:0:0:0:0:0:0:1 的 root 用户于: Mon Jul 08 00:16:15 CST 2024 时刻进行了: 删除用户 操作
2024-07-08 00:16:15.891  INFO 24004 --- [http-nio-12000-exec-2] com.ruijing.assets.aspect.SysLogAspect   : 主线程结束了.............
2024-07-08 00:16:15.891  INFO 24004 --- [http-nio-12000-exec-2] com.ruijing.assets.aspect.SysLogAspect   : =======End=======

2024-07-08 00:16:15.892  INFO 24004 --- [task-4] c.r.a.service.impl.SystemLogServiceImpl  : 副线程开始啦-----------
2024-07-08 00:16:15.895  INFO 24004 --- [task-4] c.r.a.service.impl.SystemLogServiceImpl  : 副线程结束啦-----------
2024-07-08 00:16:24.921  INFO 24004 --- [http-nio-12000-exec-8] com.ruijing.assets.aspect.SysLogAspect   : 来自于ip: 0:0:0:0:0:0:0:1 的 root 用户于: Mon Jul 08 00:16:24 CST 2024 时刻进行了: 删除用户 操作
2024-07-08 00:16:24.922  INFO 24004 --- [http-nio-12000-exec-8] com.ruijing.assets.aspect.SysLogAspect   : 主线程结束了.............
2024-07-08 00:16:24.922  INFO 24004 --- [http-nio-12000-exec-8] com.ruijing.assets.aspect.SysLogAspect   : =======End=======

2024-07-08 00:16:24.922  INFO 24004 --- [task-5] c.r.a.service.impl.SystemLogServiceImpl  : 副线程开始啦-----------
2024-07-08 00:16:24.925  INFO 24004 --- [task-5] c.r.a.service.impl.SystemLogServiceImpl  : 副线程结束啦-----------
2024-07-08 00:18:07.699  INFO 24004 --- [SpringApplicationShutdownHook] com.alibaba.druid.pool.DruidDataSource   : {dataSource-1} closing ...
2024-07-08 00:18:07.702  INFO 24004 --- [SpringApplicationShutdownHook] com.alibaba.druid.pool.DruidDataSource   : {dataSource-1} closed
2024-07-08 00:18:13.718  INFO 22540 --- [main] c.r.a.RuijingAssetsAdminApplication      : Starting RuijingAssetsAdminApplication using Java 1.8.0_321 on DESKTOP-R0TIG6Q with PID 22540 (C:\Users\15385\Desktop\代码\ruijing-assets-admin\ruijing-assets-admin\target\classes started by 15385 in C:\Users\15385\Desktop\代码\ruijing-assets-admin\ruijing-assets-admin)
2024-07-08 00:18:13.719  INFO 22540 --- [main] c.r.a.RuijingAssetsAdminApplication      : The following 1 profile is active: "prod"
2024-07-08 00:18:14.432  INFO 22540 --- [main] .s.d.r.c.RepositoryConfigurationDelegate : Multiple Spring Data modules found, entering strict repository configuration mode
2024-07-08 00:18:14.434  INFO 22540 --- [main] .s.d.r.c.RepositoryConfigurationDelegate : Bootstrapping Spring Data Redis repositories in DEFAULT mode.
2024-07-08 00:18:14.471  INFO 22540 --- [main] .s.d.r.c.RepositoryConfigurationDelegate : Finished Spring Data repository scanning in 24 ms. Found 0 Redis repository interfaces.
2024-07-08 00:18:15.084  INFO 22540 --- [main] o.s.b.w.embedded.tomcat.TomcatWebServer  : Tomcat initialized with port(s): 12000 (http)
2024-07-08 00:18:15.095  INFO 22540 --- [main] o.apache.catalina.core.StandardService   : Starting service [Tomcat]
2024-07-08 00:18:15.096  INFO 22540 --- [main] org.apache.catalina.core.StandardEngine  : Starting Servlet engine: [Apache Tomcat/9.0.71]
2024-07-08 00:18:15.259  INFO 22540 --- [main] o.a.c.c.C.[Tomcat].[localhost].[/]       : Initializing Spring embedded WebApplicationContext
2024-07-08 00:18:15.259  INFO 22540 --- [main] w.s.c.ServletWebServerApplicationContext : Root WebApplicationContext: initialization completed in 1502 ms
2024-07-08 00:18:15.652  INFO 22540 --- [main] c.a.d.s.b.a.DruidDataSourceAutoConfigure : Init DruidDataSource
2024-07-08 00:18:15.966  INFO 22540 --- [main] com.alibaba.druid.pool.DruidDataSource   : {dataSource-1} inited
2024-07-08 00:18:18.319  INFO 22540 --- [main] o.s.s.web.DefaultSecurityFilterChain     : Will secure any request with [org.springframework.security.web.session.DisableEncodeUrlFilter@5ae16aa, org.springframework.security.web.context.request.async.WebAsyncManagerIntegrationFilter@344a065a, org.springframework.security.web.context.SecurityContextPersistenceFilter@6ef61cd0, org.springframework.security.web.header.HeaderWriterFilter@4e614370, org.springframework.web.filter.CorsFilter@336f49a1, com.ruijing.assets.filter.JwtAuthenticationTokenFilter@17ec335a, org.springframework.security.web.savedrequest.RequestCacheAwareFilter@55c8fc60, org.springframework.security.web.servletapi.SecurityContextHolderAwareRequestFilter@13c81bc5, org.springframework.security.web.authentication.AnonymousAuthenticationFilter@3051e476, org.springframework.security.web.session.SessionManagementFilter@63b58ff4, org.springframework.security.web.access.ExceptionTranslationFilter@76d0a290, org.springframework.security.web.access.intercept.FilterSecurityInterceptor@3605ab16]
2024-07-08 00:18:18.403  INFO 22540 --- [main] o.s.b.w.embedded.tomcat.TomcatWebServer  : Tomcat started on port(s): 12000 (http) with context path ''
2024-07-08 00:18:18.412  INFO 22540 --- [main] c.r.a.RuijingAssetsAdminApplication      : Started RuijingAssetsAdminApplication in 5.081 seconds (JVM running for 5.938)
2024-07-08 00:18:20.314  INFO 22540 --- [http-nio-12000-exec-6] o.a.c.c.C.[Tomcat].[localhost].[/]       : Initializing Spring DispatcherServlet 'dispatcherServlet'
2024-07-08 00:18:20.314  INFO 22540 --- [http-nio-12000-exec-6] o.s.web.servlet.DispatcherServlet        : Initializing Servlet 'dispatcherServlet'
2024-07-08 00:18:20.315  INFO 22540 --- [http-nio-12000-exec-6] o.s.web.servlet.DispatcherServlet        : Completed initialization in 1 ms
2024-07-08 00:19:41.066  INFO 22540 --- [SpringApplicationShutdownHook] com.alibaba.druid.pool.DruidDataSource   : {dataSource-1} closing ...
2024-07-08 00:19:41.071  INFO 22540 --- [SpringApplicationShutdownHook] com.alibaba.druid.pool.DruidDataSource   : {dataSource-1} closed
2024-07-08 00:19:46.078  INFO 16596 --- [main] c.r.a.RuijingAssetsAdminApplication      : Starting RuijingAssetsAdminApplication using Java 1.8.0_321 on DESKTOP-R0TIG6Q with PID 16596 (C:\Users\15385\Desktop\代码\ruijing-assets-admin\ruijing-assets-admin\target\classes started by 15385 in C:\Users\15385\Desktop\代码\ruijing-assets-admin\ruijing-assets-admin)
2024-07-08 00:19:46.080  INFO 16596 --- [main] c.r.a.RuijingAssetsAdminApplication      : The following 1 profile is active: "prod"
2024-07-08 00:19:46.779  INFO 16596 --- [main] .s.d.r.c.RepositoryConfigurationDelegate : Multiple Spring Data modules found, entering strict repository configuration mode
2024-07-08 00:19:46.781  INFO 16596 --- [main] .s.d.r.c.RepositoryConfigurationDelegate : Bootstrapping Spring Data Redis repositories in DEFAULT mode.
2024-07-08 00:19:46.825  INFO 16596 --- [main] .s.d.r.c.RepositoryConfigurationDelegate : Finished Spring Data repository scanning in 28 ms. Found 0 Redis repository interfaces.
2024-07-08 00:19:47.565  INFO 16596 --- [main] o.s.b.w.embedded.tomcat.TomcatWebServer  : Tomcat initialized with port(s): 12000 (http)
2024-07-08 00:19:47.576  INFO 16596 --- [main] o.apache.catalina.core.StandardService   : Starting service [Tomcat]
2024-07-08 00:19:47.577  INFO 16596 --- [main] org.apache.catalina.core.StandardEngine  : Starting Servlet engine: [Apache Tomcat/9.0.71]
2024-07-08 00:19:47.752  INFO 16596 --- [main] o.a.c.c.C.[Tomcat].[localhost].[/]       : Initializing Spring embedded WebApplicationContext
2024-07-08 00:19:47.752  INFO 16596 --- [main] w.s.c.ServletWebServerApplicationContext : Root WebApplicationContext: initialization completed in 1633 ms
2024-07-08 00:19:48.514  INFO 16596 --- [main] c.a.d.s.b.a.DruidDataSourceAutoConfigure : Init DruidDataSource
2024-07-08 00:19:48.966  INFO 16596 --- [main] com.alibaba.druid.pool.DruidDataSource   : {dataSource-1} inited
2024-07-08 00:19:51.586  INFO 16596 --- [main] o.s.s.web.DefaultSecurityFilterChain     : Will secure any request with [org.springframework.security.web.session.DisableEncodeUrlFilter@4ba402b5, org.springframework.security.web.context.request.async.WebAsyncManagerIntegrationFilter@22172b00, org.springframework.security.web.context.SecurityContextPersistenceFilter@343727b5, org.springframework.security.web.header.HeaderWriterFilter@91a1005, org.springframework.web.filter.CorsFilter@336f49a1, com.ruijing.assets.filter.JwtAuthenticationTokenFilter@17ec335a, org.springframework.security.web.savedrequest.RequestCacheAwareFilter@2173e4d5, org.springframework.security.web.servletapi.SecurityContextHolderAwareRequestFilter@6d4d0a14, org.springframework.security.web.authentication.AnonymousAuthenticationFilter@d02c00, org.springframework.security.web.session.SessionManagementFilter@65e92505, org.springframework.security.web.access.ExceptionTranslationFilter@352ce817, org.springframework.security.web.access.intercept.FilterSecurityInterceptor@28269c65]
2024-07-08 00:19:51.661  INFO 16596 --- [main] o.s.b.w.embedded.tomcat.TomcatWebServer  : Tomcat started on port(s): 12000 (http) with context path ''
2024-07-08 00:19:51.670  INFO 16596 --- [main] c.r.a.RuijingAssetsAdminApplication      : Started RuijingAssetsAdminApplication in 5.969 seconds (JVM running for 6.791)
2024-07-08 00:19:54.613  INFO 16596 --- [http-nio-12000-exec-2] o.a.c.c.C.[Tomcat].[localhost].[/]       : Initializing Spring DispatcherServlet 'dispatcherServlet'
2024-07-08 00:19:54.614  INFO 16596 --- [http-nio-12000-exec-2] o.s.web.servlet.DispatcherServlet        : Initializing Servlet 'dispatcherServlet'
2024-07-08 00:19:54.615  INFO 16596 --- [http-nio-12000-exec-2] o.s.web.servlet.DispatcherServlet        : Completed initialization in 1 ms
2024-07-08 00:20:06.183  INFO 16596 --- [http-nio-12000-exec-6] com.ruijing.assets.aspect.SysLogAspect   : 来自于ip: 0:0:0:0:0:0:0:1 的 root 用户于: Mon Jul 08 00:20:06 CST 2024 时刻进行了: 新增债权 操作
2024-07-08 00:20:06.187  INFO 16596 --- [http-nio-12000-exec-6] com.ruijing.assets.aspect.SysLogAspect   : 主线程结束了.............
2024-07-08 00:20:06.187  INFO 16596 --- [http-nio-12000-exec-6] com.ruijing.assets.aspect.SysLogAspect   : =======End=======

2024-07-08 00:20:06.192  INFO 16596 --- [task-1] c.r.a.service.impl.SystemLogServiceImpl  : 副线程开始啦-----------
2024-07-08 00:20:06.197  INFO 16596 --- [task-1] c.r.a.service.impl.SystemLogServiceImpl  : 副线程结束啦-----------
2024-07-08 00:20:06.397  INFO 16596 --- [http-nio-12000-exec-10] com.ruijing.assets.aspect.SysLogAspect   : 来自于ip: 0:0:0:0:0:0:0:1 的 root 用户于: Mon Jul 08 00:20:06 CST 2024 时刻进行了: 新增债权 操作
2024-07-08 00:20:06.397  INFO 16596 --- [http-nio-12000-exec-10] com.ruijing.assets.aspect.SysLogAspect   : 主线程结束了.............
2024-07-08 00:20:06.397  INFO 16596 --- [http-nio-12000-exec-10] com.ruijing.assets.aspect.SysLogAspect   : =======End=======

2024-07-08 00:20:06.398  INFO 16596 --- [task-2] c.r.a.service.impl.SystemLogServiceImpl  : 副线程开始啦-----------
2024-07-08 00:20:06.402  INFO 16596 --- [task-2] c.r.a.service.impl.SystemLogServiceImpl  : 副线程结束啦-----------
2024-07-08 00:20:06.411  INFO 16596 --- [http-nio-12000-exec-9] com.ruijing.assets.aspect.SysLogAspect   : 来自于ip: 0:0:0:0:0:0:0:1 的 root 用户于: Mon Jul 08 00:20:06 CST 2024 时刻进行了: 新增债权 操作
2024-07-08 00:20:06.412  INFO 16596 --- [http-nio-12000-exec-9] com.ruijing.assets.aspect.SysLogAspect   : 主线程结束了.............
2024-07-08 00:20:06.412  INFO 16596 --- [http-nio-12000-exec-9] com.ruijing.assets.aspect.SysLogAspect   : =======End=======

2024-07-08 00:20:06.412  INFO 16596 --- [task-3] c.r.a.service.impl.SystemLogServiceImpl  : 副线程开始啦-----------
2024-07-08 00:20:06.413  INFO 16596 --- [http-nio-12000-exec-3] com.ruijing.assets.aspect.SysLogAspect   : 来自于ip: 0:0:0:0:0:0:0:1 的 root 用户于: Mon Jul 08 00:20:06 CST 2024 时刻进行了: 新增债权 操作
2024-07-08 00:20:06.413  INFO 16596 --- [http-nio-12000-exec-3] com.ruijing.assets.aspect.SysLogAspect   : 主线程结束了.............
2024-07-08 00:20:06.413  INFO 16596 --- [http-nio-12000-exec-3] com.ruijing.assets.aspect.SysLogAspect   : =======End=======

2024-07-08 00:20:06.414  INFO 16596 --- [task-4] c.r.a.service.impl.SystemLogServiceImpl  : 副线程开始啦-----------
2024-07-08 00:20:06.416  INFO 16596 --- [task-3] c.r.a.service.impl.SystemLogServiceImpl  : 副线程结束啦-----------
2024-07-08 00:20:06.418  INFO 16596 --- [task-4] c.r.a.service.impl.SystemLogServiceImpl  : 副线程结束啦-----------
2024-07-08 00:20:36.381  INFO 16596 --- [SpringApplicationShutdownHook] com.alibaba.druid.pool.DruidDataSource   : {dataSource-1} closing ...
2024-07-08 00:20:36.385  INFO 16596 --- [SpringApplicationShutdownHook] com.alibaba.druid.pool.DruidDataSource   : {dataSource-1} closed
